<?xml version="1.0" encoding="UTF-8"?>
<!-- Generated by org.testng.reporters.JUnitXMLReporter -->
<testsuite ignored="0" hostname="Admin-PC" failures="0" tests="9" name="Default test" time="118.618" errors="0" timestamp="2020-01-01T02:29:17 IST">
  <testcase classname="package2_com.zerodha.ZerodhTest" name="openBrowserAndApplication" time="69.941"/>
  <testcase classname="package2_com.zerodha.ZerodhTest" name="isApplicationOpen" time="1.086"/>
  <testcase classname="package2_com.zerodha.ZerodhTest" name="setUNMethod" time="3.755"/>
  <testcase classname="package2_com.zerodha.ZerodhTest" name="setPwdMethod" time="2.919"/>
  <testcase classname="package2_com.zerodha.ZerodhTest" name="clickLoginMethod" time="3.884"/>
  <testcase classname="package2_com.zerodha.ZerodhTest" name="setPinMethod" time="2.424"/>
  <testcase classname="package2_com.zerodha.ZerodhTest" name="clickContinueButton" time="15.039"/>
  <testcase classname="package2_com.zerodha.ZerodhTest" name="checkUserNickname" time="4.357"/>
  <testcase classname="package2_com.zerodha.ZerodhTest" name="clickLogout" time="7.296"/>
</testsuite> <!-- Default test -->
