<?xml version="1.0" encoding="UTF-8"?>
<!-- Generated by org.testng.reporters.JUnitXMLReporter -->
<testsuite ignored="0" hostname="Admin-PC" failures="0" tests="9" name="Command line test" time="72.957" errors="0" timestamp="2019-12-30T14:31:42 IST">
  <testcase classname="package2_com.zerodha.ZerodhTest" name="openBrowserAndApplication" time="31.911"/>
  <testcase classname="package2_com.zerodha.ZerodhTest" name="isApplicationOpen" time="0.329"/>
  <testcase classname="package2_com.zerodha.ZerodhTest" name="setUNMethod" time="2.251"/>
  <testcase classname="package2_com.zerodha.ZerodhTest" name="setPwdMethod" time="2.576"/>
  <testcase classname="package2_com.zerodha.ZerodhTest" name="clickLoginMethod" time="2.632"/>
  <testcase classname="package2_com.zerodha.ZerodhTest" name="setPinMethod" time="2.185"/>
  <testcase classname="package2_com.zerodha.ZerodhTest" name="clickContinueButton" time="14.428"/>
  <testcase classname="package2_com.zerodha.ZerodhTest" name="checkUserNickname" time="3.807"/>
  <testcase classname="package2_com.zerodha.ZerodhTest" name="clickLogout" time="5.446"/>
</testsuite> <!-- Command line test -->
