<?xml version="1.0" encoding="UTF-8"?>
<testng-results ignored="0" total="9" passed="9" failed="0" skipped="0">
  <reporter-output>
  </reporter-output>
  <suite started-at="2019-12-30T14:30:29 IST" name="package2_com.zerodha.ZerodhTest" finished-at="2019-12-30T14:31:42 IST" duration-ms="72957">
    <groups>
    </groups>
    <test started-at="2019-12-30T14:30:29 IST" name="Command line test" finished-at="2019-12-30T14:31:42 IST" duration-ms="72957">
      <class name="package2_com.zerodha.ZerodhTest">
        <test-method signature="openBrowserAndApplication()[pri:1, instance:package2_com.zerodha.ZerodhTest@6ec8211c]" started-at="2019-12-30T14:30:29 IST" name="openBrowserAndApplication" finished-at="2019-12-30T14:31:01 IST" duration-ms="31911" status="PASS">
          <reporter-output>
          </reporter-output>
        </test-method> <!-- openBrowserAndApplication -->
        <test-method is-config="true" signature="checkTestResultforScreenshot(org.testng.ITestResult)[pri:0, instance:package2_com.zerodha.ZerodhTest@6ec8211c]" started-at="2019-12-30T14:31:01 IST" name="checkTestResultforScreenshot" finished-at="2019-12-30T14:31:01 IST" duration-ms="8" status="PASS">
          <params>
            <param index="0">
              <value>
                <![CDATA[[TestResult name=openBrowserAndApplication status=SUCCESS method=ZerodhTest.openBrowserAndApplication()[pri:1, instance:package2_com.zerodha.ZerodhTest@6ec8211c] output={null}]]]>
              </value>
            </param>
          </params>
          <reporter-output>
          </reporter-output>
        </test-method> <!-- checkTestResultforScreenshot -->
        <test-method signature="isApplicationOpen()[pri:2, instance:package2_com.zerodha.ZerodhTest@6ec8211c]" started-at="2019-12-30T14:31:01 IST" name="isApplicationOpen" finished-at="2019-12-30T14:31:01 IST" duration-ms="329" status="PASS">
          <reporter-output>
          </reporter-output>
        </test-method> <!-- isApplicationOpen -->
        <test-method is-config="true" signature="checkTestResultforScreenshot(org.testng.ITestResult)[pri:0, instance:package2_com.zerodha.ZerodhTest@6ec8211c]" started-at="2019-12-30T14:31:01 IST" name="checkTestResultforScreenshot" finished-at="2019-12-30T14:31:01 IST" duration-ms="1" status="PASS">
          <params>
            <param index="0">
              <value>
                <![CDATA[[TestResult name=isApplicationOpen status=SUCCESS method=ZerodhTest.isApplicationOpen()[pri:2, instance:package2_com.zerodha.ZerodhTest@6ec8211c] output={null}]]]>
              </value>
            </param>
          </params>
          <reporter-output>
          </reporter-output>
        </test-method> <!-- checkTestResultforScreenshot -->
        <test-method signature="setUNMethod()[pri:3, instance:package2_com.zerodha.ZerodhTest@6ec8211c]" started-at="2019-12-30T14:31:01 IST" name="setUNMethod" finished-at="2019-12-30T14:31:03 IST" duration-ms="2251" status="PASS">
          <reporter-output>
          </reporter-output>
        </test-method> <!-- setUNMethod -->
        <test-method is-config="true" signature="checkTestResultforScreenshot(org.testng.ITestResult)[pri:0, instance:package2_com.zerodha.ZerodhTest@6ec8211c]" started-at="2019-12-30T14:31:03 IST" name="checkTestResultforScreenshot" finished-at="2019-12-30T14:31:03 IST" duration-ms="1" status="PASS">
          <params>
            <param index="0">
              <value>
                <![CDATA[[TestResult name=setUNMethod status=SUCCESS method=ZerodhTest.setUNMethod()[pri:3, instance:package2_com.zerodha.ZerodhTest@6ec8211c] output={null}]]]>
              </value>
            </param>
          </params>
          <reporter-output>
          </reporter-output>
        </test-method> <!-- checkTestResultforScreenshot -->
        <test-method signature="setPwdMethod()[pri:4, instance:package2_com.zerodha.ZerodhTest@6ec8211c]" started-at="2019-12-30T14:31:03 IST" name="setPwdMethod" finished-at="2019-12-30T14:31:06 IST" duration-ms="2576" status="PASS">
          <reporter-output>
          </reporter-output>
        </test-method> <!-- setPwdMethod -->
        <test-method is-config="true" signature="checkTestResultforScreenshot(org.testng.ITestResult)[pri:0, instance:package2_com.zerodha.ZerodhTest@6ec8211c]" started-at="2019-12-30T14:31:06 IST" name="checkTestResultforScreenshot" finished-at="2019-12-30T14:31:06 IST" duration-ms="1" status="PASS">
          <params>
            <param index="0">
              <value>
                <![CDATA[[TestResult name=setPwdMethod status=SUCCESS method=ZerodhTest.setPwdMethod()[pri:4, instance:package2_com.zerodha.ZerodhTest@6ec8211c] output={null}]]]>
              </value>
            </param>
          </params>
          <reporter-output>
          </reporter-output>
        </test-method> <!-- checkTestResultforScreenshot -->
        <test-method signature="clickLoginMethod()[pri:5, instance:package2_com.zerodha.ZerodhTest@6ec8211c]" started-at="2019-12-30T14:31:06 IST" name="clickLoginMethod" finished-at="2019-12-30T14:31:09 IST" duration-ms="2632" status="PASS">
          <reporter-output>
          </reporter-output>
        </test-method> <!-- clickLoginMethod -->
        <test-method is-config="true" signature="checkTestResultforScreenshot(org.testng.ITestResult)[pri:0, instance:package2_com.zerodha.ZerodhTest@6ec8211c]" started-at="2019-12-30T14:31:09 IST" name="checkTestResultforScreenshot" finished-at="2019-12-30T14:31:09 IST" duration-ms="2" status="PASS">
          <params>
            <param index="0">
              <value>
                <![CDATA[[TestResult name=clickLoginMethod status=SUCCESS method=ZerodhTest.clickLoginMethod()[pri:5, instance:package2_com.zerodha.ZerodhTest@6ec8211c] output={null}]]]>
              </value>
            </param>
          </params>
          <reporter-output>
          </reporter-output>
        </test-method> <!-- checkTestResultforScreenshot -->
        <test-method signature="setPinMethod()[pri:6, instance:package2_com.zerodha.ZerodhTest@6ec8211c]" started-at="2019-12-30T14:31:09 IST" name="setPinMethod" finished-at="2019-12-30T14:31:11 IST" duration-ms="2185" status="PASS">
          <reporter-output>
          </reporter-output>
        </test-method> <!-- setPinMethod -->
        <test-method is-config="true" signature="checkTestResultforScreenshot(org.testng.ITestResult)[pri:0, instance:package2_com.zerodha.ZerodhTest@6ec8211c]" started-at="2019-12-30T14:31:11 IST" name="checkTestResultforScreenshot" finished-at="2019-12-30T14:31:11 IST" duration-ms="5" status="PASS">
          <params>
            <param index="0">
              <value>
                <![CDATA[[TestResult name=setPinMethod status=SUCCESS method=ZerodhTest.setPinMethod()[pri:6, instance:package2_com.zerodha.ZerodhTest@6ec8211c] output={null}]]]>
              </value>
            </param>
          </params>
          <reporter-output>
          </reporter-output>
        </test-method> <!-- checkTestResultforScreenshot -->
        <test-method signature="clickContinueButton()[pri:7, instance:package2_com.zerodha.ZerodhTest@6ec8211c]" started-at="2019-12-30T14:31:11 IST" name="clickContinueButton" finished-at="2019-12-30T14:31:25 IST" duration-ms="14428" status="PASS">
          <reporter-output>
          </reporter-output>
        </test-method> <!-- clickContinueButton -->
        <test-method is-config="true" signature="checkTestResultforScreenshot(org.testng.ITestResult)[pri:0, instance:package2_com.zerodha.ZerodhTest@6ec8211c]" started-at="2019-12-30T14:31:25 IST" name="checkTestResultforScreenshot" finished-at="2019-12-30T14:31:25 IST" duration-ms="1" status="PASS">
          <params>
            <param index="0">
              <value>
                <![CDATA[[TestResult name=clickContinueButton status=SUCCESS method=ZerodhTest.clickContinueButton()[pri:7, instance:package2_com.zerodha.ZerodhTest@6ec8211c] output={null}]]]>
              </value>
            </param>
          </params>
          <reporter-output>
          </reporter-output>
        </test-method> <!-- checkTestResultforScreenshot -->
        <test-method signature="checkUserNickname()[pri:8, instance:package2_com.zerodha.ZerodhTest@6ec8211c]" started-at="2019-12-30T14:31:25 IST" name="checkUserNickname" finished-at="2019-12-30T14:31:29 IST" duration-ms="3807" status="PASS">
          <reporter-output>
          </reporter-output>
        </test-method> <!-- checkUserNickname -->
        <test-method is-config="true" signature="checkTestResultforScreenshot(org.testng.ITestResult)[pri:0, instance:package2_com.zerodha.ZerodhTest@6ec8211c]" started-at="2019-12-30T14:31:29 IST" name="checkTestResultforScreenshot" finished-at="2019-12-30T14:31:29 IST" duration-ms="1" status="PASS">
          <params>
            <param index="0">
              <value>
                <![CDATA[[TestResult name=checkUserNickname status=SUCCESS method=ZerodhTest.checkUserNickname()[pri:8, instance:package2_com.zerodha.ZerodhTest@6ec8211c] output={null}]]]>
              </value>
            </param>
          </params>
          <reporter-output>
          </reporter-output>
        </test-method> <!-- checkTestResultforScreenshot -->
        <test-method signature="clickLogout()[pri:9, instance:package2_com.zerodha.ZerodhTest@6ec8211c]" started-at="2019-12-30T14:31:29 IST" name="clickLogout" finished-at="2019-12-30T14:31:34 IST" duration-ms="5446" status="PASS">
          <reporter-output>
          </reporter-output>
        </test-method> <!-- clickLogout -->
        <test-method is-config="true" signature="checkTestResultforScreenshot(org.testng.ITestResult)[pri:0, instance:package2_com.zerodha.ZerodhTest@6ec8211c]" started-at="2019-12-30T14:31:34 IST" name="checkTestResultforScreenshot" finished-at="2019-12-30T14:31:34 IST" duration-ms="0" status="PASS">
          <params>
            <param index="0">
              <value>
                <![CDATA[[TestResult name=clickLogout status=SUCCESS method=ZerodhTest.clickLogout()[pri:9, instance:package2_com.zerodha.ZerodhTest@6ec8211c] output={null}]]]>
              </value>
            </param>
          </params>
          <reporter-output>
          </reporter-output>
        </test-method> <!-- checkTestResultforScreenshot -->
        <test-method is-config="true" signature="afterClass()[pri:0, instance:package2_com.zerodha.ZerodhTest@6ec8211c]" started-at="2019-12-30T14:31:34 IST" name="afterClass" finished-at="2019-12-30T14:31:42 IST" duration-ms="7255" status="PASS">
          <reporter-output>
          </reporter-output>
        </test-method> <!-- afterClass -->
      </class> <!-- package2_com.zerodha.ZerodhTest -->
    </test> <!-- Command line test -->
  </suite> <!-- package2_com.zerodha.ZerodhTest -->
</testng-results>
